<?xml version="1.0" encoding="UTF-8"?>
<testsuite name="com.speech4j.apigw.ApiGWApplicationTests" tests="1" skipped="0" failures="0" errors="0" timestamp="2020-03-25T15:13:51" hostname="dp9371" time="0.354">
  <properties/>
  <testcase name="contextLoads()" classname="com.speech4j.apigw.ApiGWApplicationTests" time="0.354"/>
  <system-out><![CDATA[17:13:49.111 [Test worker] DEBUG org.springframework.test.context.BootstrapUtils - Instantiating CacheAwareContextLoaderDelegate from class [org.springframework.test.context.cache.DefaultCacheAwareContextLoaderDelegate]
17:13:49.126 [Test worker] DEBUG org.springframework.test.context.BootstrapUtils - Instantiating BootstrapContext using constructor [public org.springframework.test.context.support.DefaultBootstrapContext(java.lang.Class,org.springframework.test.context.CacheAwareContextLoaderDelegate)]
17:13:49.158 [Test worker] DEBUG org.springframework.test.context.BootstrapUtils - Instantiating TestContextBootstrapper for test class [com.speech4j.apigw.ApiGWApplicationTests] from class [org.springframework.boot.test.context.SpringBootTestContextBootstrapper]
17:13:49.176 [Test worker] INFO org.springframework.boot.test.context.SpringBootTestContextBootstrapper - Neither @ContextConfiguration nor @ContextHierarchy found for test class [com.speech4j.apigw.ApiGWApplicationTests], using SpringBootContextLoader
17:13:49.181 [Test worker] DEBUG org.springframework.test.context.support.AbstractContextLoader - Did not detect default resource location for test class [com.speech4j.apigw.ApiGWApplicationTests]: class path resource [com/speech4j/apigw/ApiGWApplicationTests-context.xml] does not exist
17:13:49.182 [Test worker] DEBUG org.springframework.test.context.support.AbstractContextLoader - Did not detect default resource location for test class [com.speech4j.apigw.ApiGWApplicationTests]: class path resource [com/speech4j/apigw/ApiGWApplicationTestsContext.groovy] does not exist
17:13:49.182 [Test worker] INFO org.springframework.test.context.support.AbstractContextLoader - Could not detect default resource locations for test class [com.speech4j.apigw.ApiGWApplicationTests]: no resource found for suffixes {-context.xml, Context.groovy}.
17:13:49.183 [Test worker] INFO org.springframework.test.context.support.AnnotationConfigContextLoaderUtils - Could not detect default configuration classes for test class [com.speech4j.apigw.ApiGWApplicationTests]: ApiGWApplicationTests does not declare any static, non-private, non-final, nested classes annotated with @Configuration.
17:13:49.230 [Test worker] DEBUG org.springframework.test.context.support.ActiveProfilesUtils - Could not find an 'annotation declaring class' for annotation type [org.springframework.test.context.ActiveProfiles] and class [com.speech4j.apigw.ApiGWApplicationTests]
17:13:49.298 [Test worker] DEBUG org.springframework.context.annotation.ClassPathScanningCandidateComponentProvider - Identified candidate component class: file [C:\MrScors\gateway\build\classes\java\main\com\speech4j\apigw\ApiGWApplication.class]
17:13:49.299 [Test worker] INFO org.springframework.boot.test.context.SpringBootTestContextBootstrapper - Found @SpringBootConfiguration com.speech4j.apigw.ApiGWApplication for test class com.speech4j.apigw.ApiGWApplicationTests
17:13:49.406 [Test worker] DEBUG org.springframework.boot.test.context.SpringBootTestContextBootstrapper - @TestExecutionListeners is not present for class [com.speech4j.apigw.ApiGWApplicationTests]: using defaults.
17:13:49.407 [Test worker] INFO org.springframework.boot.test.context.SpringBootTestContextBootstrapper - Loaded default TestExecutionListener class names from location [META-INF/spring.factories]: [org.springframework.boot.test.autoconfigure.restdocs.RestDocsTestExecutionListener, org.springframework.boot.test.autoconfigure.web.client.MockRestServiceServerResetTestExecutionListener, org.springframework.boot.test.autoconfigure.web.servlet.MockMvcPrintOnlyOnFailureTestExecutionListener, org.springframework.boot.test.autoconfigure.web.servlet.WebDriverTestExecutionListener, org.springframework.boot.test.mock.mockito.MockitoTestExecutionListener, org.springframework.boot.test.mock.mockito.ResetMocksTestExecutionListener, org.springframework.test.context.web.ServletTestExecutionListener, org.springframework.test.context.support.DirtiesContextBeforeModesTestExecutionListener, org.springframework.test.context.support.DependencyInjectionTestExecutionListener, org.springframework.test.context.support.DirtiesContextTestExecutionListener, org.springframework.test.context.transaction.TransactionalTestExecutionListener, org.springframework.test.context.jdbc.SqlScriptsTestExecutionListener, org.springframework.test.context.event.EventPublishingTestExecutionListener]
17:13:49.422 [Test worker] DEBUG org.springframework.boot.test.context.SpringBootTestContextBootstrapper - Skipping candidate TestExecutionListener [org.springframework.test.context.transaction.TransactionalTestExecutionListener] due to a missing dependency. Specify custom listener classes or make the default listener classes and their required dependencies available. Offending class: [org.springframework.transaction.interceptor.TransactionAttributeSource]
17:13:49.423 [Test worker] DEBUG org.springframework.boot.test.context.SpringBootTestContextBootstrapper - Skipping candidate TestExecutionListener [org.springframework.test.context.jdbc.SqlScriptsTestExecutionListener] due to a missing dependency. Specify custom listener classes or make the default listener classes and their required dependencies available. Offending class: [org.springframework.transaction.interceptor.TransactionAttribute]
17:13:49.423 [Test worker] INFO org.springframework.boot.test.context.SpringBootTestContextBootstrapper - Using TestExecutionListeners: [org.springframework.test.context.web.ServletTestExecutionListener@379870f8, org.springframework.test.context.support.DirtiesContextBeforeModesTestExecutionListener@f901e196, org.springframework.boot.test.mock.mockito.MockitoTestExecutionListener@281fd0fe, org.springframework.boot.test.autoconfigure.SpringBootDependencyInjectionTestExecutionListener@eaafedce, org.springframework.test.context.support.DirtiesContextTestExecutionListener@fe735de5, org.springframework.test.context.event.EventPublishingTestExecutionListener@ec126bc6, org.springframework.boot.test.autoconfigure.restdocs.RestDocsTestExecutionListener@943ecea3, org.springframework.boot.test.autoconfigure.web.client.MockRestServiceServerResetTestExecutionListener@f69408f1, org.springframework.boot.test.autoconfigure.web.servlet.MockMvcPrintOnlyOnFailureTestExecutionListener@b6bf903d, org.springframework.boot.test.autoconfigure.web.servlet.WebDriverTestExecutionListener@8d3eb89c, org.springframework.boot.test.mock.mockito.ResetMocksTestExecutionListener@6368e97c]
17:13:49.427 [Test worker] DEBUG org.springframework.test.context.support.AbstractDirtiesContextTestExecutionListener - Before test class: context [DefaultTestContext@5f88eb5d testClass = ApiGWApplicationTests, testInstance = [null], testMethod = [null], testException = [null], mergedContextConfiguration = [WebMergedContextConfiguration@92267cc testClass = ApiGWApplicationTests, locations = '{}', classes = '{class com.speech4j.apigw.ApiGWApplication}', contextInitializerClasses = '[]', activeProfiles = '{}', propertySourceLocations = '{}', propertySourceProperties = '{org.springframework.boot.test.context.SpringBootTestContextBootstrapper=true}', contextCustomizers = set[org.springframework.boot.test.autoconfigure.properties.PropertyMappingContextCustomizer@0, org.springframework.boot.test.autoconfigure.web.servlet.WebDriverContextCustomizerFactory$Customizer@c250e6c6, org.springframework.boot.test.context.filter.ExcludeFilterContextCustomizer@f6fb74eb, org.springframework.boot.test.json.DuplicateJsonObjectContextCustomizerFactory$DuplicateJsonObjectContextCustomizer@e7c0444a, org.springframework.boot.test.mock.mockito.MockitoContextCustomizer@0, org.springframework.boot.test.web.client.TestRestTemplateContextCustomizer@9c238f3e], resourceBasePath = 'src/main/webapp', contextLoader = 'org.springframework.boot.test.context.SpringBootContextLoader', parent = [null]], attributes = map['org.springframework.test.context.web.ServletTestExecutionListener.activateListener' -> true]], class annotated with @DirtiesContext [false] with mode [null].
17:13:49.460 [Test worker] DEBUG org.springframework.test.context.support.TestPropertySourceUtils - Adding inlined properties to environment: {spring.jmx.enabled=false, org.springframework.boot.test.context.SpringBootTestContextBootstrapper=true, server.port=-1}

  .   ____          _            __ _ _
 /\\ / ___'_ __ _ _(_)_ __  __ _ \ \ \ \
( ( )\___ | '_ | '_| | '_ \/ _` | \ \ \ \
 \\/  ___)| |_)| | | | | || (_| |  ) ) ) )
  '  |____| .__|_| |_|_| |_\__, | / / / /
 =========|_|==============|___/=/_/_/_/
 :: Spring Boot ::        (v2.2.4.RELEASE)

2020-03-25 17:13:49.796  INFO 22224 --- [    Test worker] c.speech4j.apigw.ApiGWApplicationTests   : Starting ApiGWApplicationTests on dp9371 with PID 22224 (started by dpavlo in C:\MrScors\gateway)
2020-03-25 17:13:49.798  INFO 22224 --- [    Test worker] c.speech4j.apigw.ApiGWApplicationTests   : No active profile set, falling back to default profiles: default
2020-03-25 17:13:51.408  INFO 22224 --- [    Test worker] o.s.s.concurrent.ThreadPoolTaskExecutor  : Initializing ExecutorService 'applicationTaskExecutor'
2020-03-25 17:13:51.739  INFO 22224 --- [    Test worker] c.speech4j.apigw.ApiGWApplicationTests   : Started ApiGWApplicationTests in 2.268 seconds (JVM running for 3.861)
]]></system-out>
  <system-err><![CDATA[]]></system-err>
</testsuite>
